<?xml version="1.0" encoding="UTF-8"?>
<testsuite xmlns:xsi="http://www.w3.org/2001/XMLSchema-instance" xsi:noNamespaceSchemaLocation="https://maven.apache.org/surefire/maven-surefire-plugin/xsd/surefire-test-report.xsd" version="3.0.2" name="academy.devdojo.springboot2.controller.AnimeControllerTest" time="1.246" tests="8" errors="0" skipped="0" failures="0">
  <properties>
[...]
</properties>
  <testcase name="list_ReturnsListOfAnimesInsidePageObjects_WhenSucessful" classname="academy.devdojo.springboot2.controller.AnimeControllerTest" time="0.106">
    <system-out><![CDATA[13:24:14.191 [main] INFO  o.s.t.c.s.AnnotationConfigContextLoaderUtils - Could not detect default configuration classes for test class [academy.devdojo.springboot2.controller.AnimeControllerTest]: AnimeControllerTest does not declare any static, non-private, non-final, nested classes annotated with @Configuration.
]]></system-out>
    <system-err><![CDATA[Mockito is currently self-attaching to enable the inline-mock-maker. This will no longer work in future releases of the JDK. Please add Mockito as an agent to your build as described in Mockito's documentation: https://javadoc.io/doc/org.mockito/mockito-core/latest/org.mockito/org/mockito/Mockito.html#0.3
WARNING: A Java agent has been loaded dynamically (C:\Users\adm-l\.m2\repository\net\bytebuddy\byte-buddy-agent\1.17.6\byte-buddy-agent-1.17.6.jar)
WARNING: If a serviceability tool is in use, please run with -XX:+EnableDynamicAgentLoading to hide this warning
WARNING: If a serviceability tool is not in use, please run with -Djdk.instrument.traceUsage for more information
WARNING: Dynamic loading of agents will be disallowed by default in a future release
]]></system-err>
  </testcase>
  <testcase name="findByName_ReturnsListOfAnime_WhenSucessful" classname="academy.devdojo.springboot2.controller.AnimeControllerTest" time="0.004"/>
  <testcase name="findById_ReturnsAnime_WhenSucessful" classname="academy.devdojo.springboot2.controller.AnimeControllerTest" time="0.007"/>
  <testcase name="listAll_ReturnsListOfAnimes_WhenSucessful" classname="academy.devdojo.springboot2.controller.AnimeControllerTest" time="0.003"/>
  <testcase name="SaveAnime_ReturnsAnime_WhenSucessful" classname="academy.devdojo.springboot2.controller.AnimeControllerTest" time="0.005"/>
  <testcase name="Delete_RemovesAnime_WhenSucessful" classname="academy.devdojo.springboot2.controller.AnimeControllerTest" time="0.005"/>
  <testcase name="findByName_ReturnsEmptyListOfAnime_WhenAnimeNotFoundSucessful" classname="academy.devdojo.springboot2.controller.AnimeControllerTest" time="0.003"/>
  <testcase name="Replace_UpdateAnime_WhenSucessful" classname="academy.devdojo.springboot2.controller.AnimeControllerTest" time="0.005"/>
</testsuite>